<?xml version="1.0" encoding="UTF-8"?>
<!-- Generated by org.testng.reporters.JUnitReportReporter -->
<testsuite skipped="0" hostname="DESKTOP-9M36KRC" name="com.ibm.sdet.restassured.httpmethods.SoapRequestByRest" tests="1" failures="0" timestamp="2021-05-31T14:20:12 IST" time="3.337" errors="0">
  <testcase name="testAdd" time="3.337" classname="com.ibm.sdet.restassured.httpmethods.SoapRequestByRest"/>
</testsuite> <!-- com.ibm.sdet.restassured.httpmethods.SoapRequestByRest -->
