<?xml version="1.0" encoding="UTF-8"?>
<!-- Generated by org.testng.reporters.JUnitReportReporter -->
<testsuite skipped="0" hostname="DESKTOP-9M36KRC" name="com.ibm.sdet.restassured.httpmethods.TestPetAPI" tests="2" failures="0" timestamp="2021-05-31T14:19:49 IST" time="7.325" errors="0">
  <testcase name="addNewPet" time="5.974" classname="com.ibm.sdet.restassured.httpmethods.TestPetAPI"/>
  <testcase name="fetchPet" time="1.351" classname="com.ibm.sdet.restassured.httpmethods.TestPetAPI"/>
</testsuite> <!-- com.ibm.sdet.restassured.httpmethods.TestPetAPI -->
