<?xml version="1.0" encoding="UTF-8"?>
<!-- Generated by org.testng.reporters.JUnitReportReporter -->
<testsuite skipped="3" hostname="DESKTOP-9M36KRC" name="com.ibm.sdet.restassured.httpmethods.TestMyApi" tests="4" failures="0" timestamp="2021-05-26T12:47:43 IST" time="3.684" errors="0">
  <testcase name="addNewUser" time="3.684" classname="com.ibm.sdet.restassured.httpmethods.TestMyApi"/>
  <testcase name="deleteUser" classname="com.ibm.sdet.restassured.httpmethods.TestMyApi">
    <skipped/>
  </testcase> <!-- deleteUser -->
  <testcase name="fetchUser" classname="com.ibm.sdet.restassured.httpmethods.TestMyApi">
    <skipped/>
  </testcase> <!-- fetchUser -->
  <testcase name="modifyUser" classname="com.ibm.sdet.restassured.httpmethods.TestMyApi">
    <skipped/>
  </testcase> <!-- modifyUser -->
</testsuite> <!-- com.ibm.sdet.restassured.httpmethods.TestMyApi -->
